14:48:18.453 [main] INFO  BaseClass.Driver - ********** Validating EMI Calculator Slider **********
14:48:21.164 [main] INFO  BaseClass.Driver - ---------- Click on the Calculators Present in menu ----------
14:48:21.678 [main] INFO  BaseClass.Driver - ---------- Click on the Loan Calculator Present in menu ----------
14:48:22.618 [main] INFO  BaseClass.Driver - ---------- Click on the Loan Amount Calculator ----------
14:48:24.397 [main] INFO  BaseClass.Driver - ********** Validating Loan Amount Calculator Text **********
14:48:24.902 [main] INFO  BaseClass.Driver - ********** Validating Loan Amount Calculator Text Box **********
14:48:25.400 [main] INFO  BaseClass.Driver - ********** Validating Loan Amount Calculator Year To Month Conversion **********
14:48:25.734 [main] INFO  BaseClass.Driver - ********** Validating Loan Amount Calculator Slider **********
14:48:28.379 [main] INFO  BaseClass.Driver - ---------- Click on the Calculators Present in menu ----------
14:48:28.839 [main] INFO  BaseClass.Driver - ---------- Click on the Loan Calculator Present in menu ----------
14:48:29.580 [main] INFO  BaseClass.Driver - ---------- Click on the Loan Tenure Calculator ----------
14:48:31.625 [main] INFO  BaseClass.Driver - ********** Validating Loan Tenure Calculator Text **********
14:48:32.175 [main] INFO  BaseClass.Driver - ********** Validating Loan Tenure Calculator Text Box  **********
14:48:32.611 [main] INFO  BaseClass.Driver - ********** Validating Loan Tenure Calculator Slider **********
09:42:16.112 [main] INFO  BaseClass.Driver - ---------- Click on the Car Loan ----------
09:42:16.889 [main] INFO  BaseClass.Driver - ---------- Click on the Principal TextBox and fill amount ----------
09:42:18.766 [main] INFO  BaseClass.Driver - ---------- Click on Interest TextBox and fill Interest Rate ----------
09:42:19.609 [main] INFO  BaseClass.Driver - ---------- Click on Tenure TextBox and Fill Year ----------
09:42:20.289 [main] INFO  BaseClass.Driver - ---------- Fetching  Principal amount and Interest ----------
09:42:20.788 [main] INFO  BaseClass.Driver - ---------- Printing Principal amount and Interest in console ----------
09:42:41.161 [main] INFO  BaseClass.Driver - ---------- Click on the Calculator present in Menu ----------
09:42:41.704 [main] INFO  BaseClass.Driver - ---------- Click on the Home Loan Present in Menu ----------
09:42:43.058 [main] INFO  BaseClass.Driver - ---------- Enter Details in home Loan ----------
09:42:52.717 [main] INFO  BaseClass.Driver - ---------- Printing Year Wise Table in console ----------
09:42:54.110 [main] INFO  BaseClass.Driver - ---------- Writing Year Wise Table in Excel ----------
09:43:21.530 [main] INFO  BaseClass.Driver - ---------- Click on the Calculator Present in menu ----------
09:43:32.207 [main] INFO  BaseClass.Driver - ---------- Click on the Loan Calculator Present in menu ----------
09:43:33.335 [main] INFO  BaseClass.Driver - ********** Validating EMI Calculator Text **********
09:43:38.797 [main] INFO  BaseClass.Driver - ********** Validating EMI Calculator Text Box  **********
09:43:39.243 [main] INFO  BaseClass.Driver - ********** Validating EMI Calculator Year To month Conversion **********
09:43:39.750 [main] INFO  BaseClass.Driver - ********** Validating EMI Calculator Slider **********
09:43:52.802 [main] INFO  BaseClass.Driver - ---------- Click on the Calculators Present in menu ----------
09:43:53.303 [main] INFO  BaseClass.Driver - ---------- Click on the Loan Calculator Present in menu ----------
09:43:54.395 [main] INFO  BaseClass.Driver - ---------- Click on the Loan Amount Calculator ----------
09:43:55.859 [main] INFO  BaseClass.Driver - ********** Validating Loan Amount Calculator Text **********
09:43:56.584 [main] INFO  BaseClass.Driver - ********** Validating Loan Amount Calculator Text Box **********
09:43:57.032 [main] INFO  BaseClass.Driver - ********** Validating Loan Amount Calculator Year To Month Conversion **********
09:43:57.479 [main] INFO  BaseClass.Driver - ********** Validating Loan Amount Calculator Slider **********
09:44:09.603 [main] INFO  BaseClass.Driver - ---------- Click on the Calculators Present in menu ----------
09:44:09.988 [main] INFO  BaseClass.Driver - ---------- Click on the Loan Calculator Present in menu ----------
09:44:11.075 [main] INFO  BaseClass.Driver - ---------- Click on the Loan Tenure Calculator ----------
09:44:12.149 [main] INFO  BaseClass.Driver - ********** Validating Loan Tenure Calculator Text **********
09:44:12.724 [main] INFO  BaseClass.Driver - ********** Validating Loan Tenure Calculator Text Box  **********
09:44:13.180 [main] INFO  BaseClass.Driver - ********** Validating Loan Tenure Calculator Slider **********
14:28:34.183 [main] INFO  BaseClass.Driver - ---------- Click on the Car Loan ----------
14:28:34.464 [main] INFO  BaseClass.Driver - ---------- Click on the Principal TextBox and fill amount ----------
14:28:35.616 [main] INFO  BaseClass.Driver - ---------- Click on Interest TextBox and fill Interest Rate ----------
