18:13:19.484 [main] INFO  BaseClass.Driver - ---------- Click on Tenure TextBox and Fill Year ----------
18:13:19.993 [main] INFO  BaseClass.Driver - ---------- Fetching  Principal amount and Interest ----------
18:13:20.206 [main] INFO  BaseClass.Driver - ---------- Printing Principal amount and Interest in console ----------
18:13:20.539 [main] INFO  BaseClass.Driver - ---------- Click on the Calculator present in Menu ----------
18:13:20.788 [main] INFO  BaseClass.Driver - ---------- Click on the Home Loan Present in Menu ----------
18:13:22.155 [main] INFO  BaseClass.Driver - ---------- Enter Details in home Loan ----------
18:13:29.860 [main] INFO  BaseClass.Driver - ---------- Printing Year Wise Table in console ----------
18:13:30.851 [main] INFO  BaseClass.Driver - ---------- Writing Year Wise Table in Excel ----------
18:13:45.862 [main] INFO  BaseClass.Driver - ---------- Click on the Calculator Present in menu ----------
18:13:46.014 [main] INFO  BaseClass.Driver - ---------- Click on the Loan Calculator Present in menu ----------
18:13:46.955 [main] INFO  BaseClass.Driver - ********** Validating EMI Calculator Text **********
18:13:47.462 [main] INFO  BaseClass.Driver - ********** Validating EMI Calculator Text Box  **********
18:13:47.666 [main] INFO  BaseClass.Driver - ********** Validating EMI Calculator Year To month Conversion **********
18:13:47.835 [main] INFO  BaseClass.Driver - ********** Validating EMI Calculator Slider **********
18:13:50.735 [main] INFO  BaseClass.Driver - ---------- Click on the Calculators Present in menu ----------
18:13:50.875 [main] INFO  BaseClass.Driver - ---------- Click on the Loan Calculator Present in menu ----------
18:13:51.343 [main] INFO  BaseClass.Driver - ---------- Click on the Loan Amount Calculator ----------
18:13:52.178 [main] INFO  BaseClass.Driver - ********** Validating Loan Amount Calculator Text **********
18:13:52.556 [main] INFO  BaseClass.Driver - ********** Validating Loan Amount Calculator Text Box **********
18:13:52.772 [main] INFO  BaseClass.Driver - ********** Validating Loan Amount Calculator Year To Month Conversion **********
18:13:52.984 [main] INFO  BaseClass.Driver - ********** Validating Loan Amount Calculator Slider **********
18:13:55.854 [main] INFO  BaseClass.Driver - ---------- Click on the Calculators Present in menu ----------
18:13:55.998 [main] INFO  BaseClass.Driver - ---------- Click on the Loan Calculator Present in menu ----------
18:13:56.532 [main] INFO  BaseClass.Driver - ---------- Click on the Loan Tenure Calculator ----------
18:13:57.444 [main] INFO  BaseClass.Driver - ********** Validating Loan Tenure Calculator Text **********
18:13:57.904 [main] INFO  BaseClass.Driver - ********** Validating Loan Tenure Calculator Text Box  **********
18:13:58.145 [main] INFO  BaseClass.Driver - ********** Validating Loan Tenure Calculator Slider **********
18:19:04.253 [main] INFO  BaseClass.Driver - ---------- Click on the Car Loan ----------
18:19:04.948 [main] INFO  BaseClass.Driver - ---------- Click on the Principal TextBox and fill amount ----------
18:19:07.396 [main] INFO  BaseClass.Driver - ---------- Click on Interest TextBox and fill Interest Rate ----------
18:19:08.516 [main] INFO  BaseClass.Driver - ---------- Click on Tenure TextBox and Fill Year ----------
18:19:09.570 [main] INFO  BaseClass.Driver - ---------- Fetching  Principal amount and Interest ----------
18:19:10.140 [main] INFO  BaseClass.Driver - ---------- Printing Principal amount and Interest in console ----------
18:19:10.577 [main] INFO  BaseClass.Driver - ---------- Click on the Calculator present in Menu ----------
18:19:11.022 [main] INFO  BaseClass.Driver - ---------- Click on the Home Loan Present in Menu ----------
18:19:12.955 [main] INFO  BaseClass.Driver - ---------- Enter Details in home Loan ----------
18:19:20.935 [main] INFO  BaseClass.Driver - ---------- Printing Year Wise Table in console ----------
18:19:22.485 [main] INFO  BaseClass.Driver - ---------- Writing Year Wise Table in Excel ----------
18:19:35.485 [main] INFO  BaseClass.Driver - ---------- Click on the Calculator Present in menu ----------
18:19:35.924 [main] INFO  BaseClass.Driver - ---------- Click on the Loan Calculator Present in menu ----------
18:19:37.047 [main] INFO  BaseClass.Driver - ********** Validating EMI Calculator Text **********
18:19:37.659 [main] INFO  BaseClass.Driver - ********** Validating EMI Calculator Text Box  **********
18:19:38.127 [main] INFO  BaseClass.Driver - ********** Validating EMI Calculator Year To month Conversion **********
18:19:38.528 [main] INFO  BaseClass.Driver - ********** Validating EMI Calculator Slider **********
18:19:41.522 [main] INFO  BaseClass.Driver - ---------- Click on the Calculators Present in menu ----------
18:19:41.931 [main] INFO  BaseClass.Driver - ---------- Click on the Loan Calculator Present in menu ----------
18:19:42.830 [main] INFO  BaseClass.Driver - ---------- Click on the Loan Amount Calculator ----------
